\BOOKMARK [0][-]{table.0.1}{\376\377\000\335\000\040\000k\000i\036\277\000n\000\040\000G\000i\036\243\000n\000g\000\040\000v\000i\000\352\000n\000\040\000h\001\260\036\333\000n\000g\000\040\000d\036\253\000n}{}% 1
\BOOKMARK [0][-]{chapter*.1}{\376\377\000L\036\335\000i\000\040\000c\036\243\000m\000\040\001\241\000n}{}% 2
\BOOKMARK [0][-]{chapter*.2}{\376\377\000M\036\345\000c\000\040\000l\036\345\000c}{}% 3
\BOOKMARK [0][-]{chapter*.5}{\376\377\000T\000\363\000m\000\040\000t\036\257\000t}{}% 4
\BOOKMARK [0][-]{chapter.1}{\376\377\000K\000h\036\337\000i\000\040\001\021\036\331\000n\000g\000\040\000d\036\361\000\040\000\341\000n}{}% 5
\BOOKMARK [1][-]{section.1.1}{\376\377\000B\036\321\000i\000\040\000c\036\243\000n\000h\000\040\000v\000\340\000\040\000G\000i\036\243\000i\000\040\000p\000h\000\341\000p}{chapter.1}% 6
\BOOKMARK [2][-]{subsection.1.1.1}{\376\377\000B\036\321\000i\000\040\000c\036\243\000n\000h\000\040\000V\000i\000n\000h\000o\000m\000e\000\040\000v\000\340\000\040\000V\036\245\000n\000\040\001\021\036\301\000\040\000H\000i\036\307\000n\000\040\000t\036\241\000i}{section.1.1}% 7
\BOOKMARK [2][-]{subsection.1.1.2}{\376\377\000G\000i\036\243\000i\000\040\000p\000h\000\341\000p\000\040\000v\000\340\000\040\000q\000u\000y\036\277\000t\000\040\001\021\036\313\000n\000h\000\040\000X\000\341\000c\000\040\000l\036\255\000p\000\040\000d\036\361\000\040\000\341\000n}{section.1.1}% 8
\BOOKMARK [1][-]{section.1.2}{\376\377\000T\000\364\000n\000\040\000c\000h\036\311\000\040\000d\036\361\000\040\000\341\000n}{chapter.1}% 9
\BOOKMARK [1][-]{section.1.3}{\376\377\000M\000\364\000i\000\040\000t\000r\001\260\036\335\000n\000g\000\040\000d\036\361\000\040\000\341\000n}{chapter.1}% 10
\BOOKMARK [2][-]{subsection.1.3.1}{\376\377\000M\000\364\000i\000\040\000t\000r\001\260\036\335\000n\000g\000\040\000p\000h\000\341\000p\000\040\000l\000\375}{section.1.3}% 11
\BOOKMARK [2][-]{subsection.1.3.2}{\376\377\000M\000\364\000i\000\040\000t\000r\001\260\036\335\000n\000g\000\040\000k\036\371\000\040\000t\000h\000u\036\255\000t}{section.1.3}% 12
\BOOKMARK [1][-]{section.1.4}{\376\377\000C\001\241\000\040\000c\000h\036\277\000\040\000h\000o\036\241\000t\000\040\001\021\036\331\000n\000g}{chapter.1}% 13
\BOOKMARK [2][-]{subsection.1.4.1}{\376\377\000T\000h\036\335\000i\000\040\000g\000i\000a\000n\000\040\000l\000\340\000m\000\040\000v\000i\036\307\000c}{section.1.4}% 14
\BOOKMARK [1][-]{section.1.5}{\376\377\000M\000\364\000\040\000t\036\243\000\040\000s\036\243\000n\000\040\000p\000h\036\251\000m}{chapter.1}% 15
\BOOKMARK [2][-]{subsection.1.5.1}{\376\377\000Y\000\352\000u\000\040\000c\036\247\000u\000\040\000c\000h\036\351\000c\000\040\000n\001\003\000n\000g}{section.1.5}% 16
\BOOKMARK [2][-]{subsection.1.5.2}{\376\377\000A\000c\000t\000o\000r\000s\000\040\000h\036\307\000\040\000t\000h\036\321\000n\000g}{section.1.5}% 17
\BOOKMARK [0][-]{subsection.1.5.2}{\376\377\000D\000a\000n\000h\000\040\000m\036\345\000c\000\040\000c\000\364\000n\000g\000\040\000t\000r\000\354\000n\000h\000\040\000c\036\347\000a\000\040\000t\000\341\000c\000\040\000g\000i\036\243}{}% 18
\BOOKMARK [0][-]{Item.1}{\376\377\000T\000\340\000i\000\040\000l\000i\036\307\000u\000\040\000t\000h\000a\000m\000\040\000k\000h\036\243\000o}{}% 19
\BOOKMARK [0][-]{appendix.A}{\376\377\000T\000\352\000n\000\040\000p\000h\036\345\000\040\000l\036\345\000c\000\040\0001}{}% 20
